[2022-09-10 11:37:44 INFO] 
---------------------+-------------------------------
Param                |             Value             
---------------------+-------------------------------
mode                 |             train             
path                 |        ./newnewmodel_20       
device               |               -1              
seed                 |               1               
threads              |               16              
workers              |               0               
cache                |             False             
binarize             |             False             
amp                  |             False             
lr                   |             5e-05             
lr_rate              |               20              
warmup               |               0               
warmup_steps         |               1               
mu                   |              0.9              
nu                   |             0.999             
eps                  |             1e-08             
weight_decay         |               0               
decay                |              0.95             
decay_steps          |               1               
num_epochs           |               20              
loss_type            |            entropy            
feat                 |               []              
build                |              True             
checkpoint           |             False             
encoder              |              bert             
max_len              |              None             
buckets              |               32              
train                |    lustre/data/train.conllu   
dev                  |     lustre/data/dev.conllu    
test                 |    lustre/data/test.conllu    
embed                |          glove-6b-100         
n_embed_proj         |              125              
bert                 |  SpanBERT/spanbert-base-cased 
---------------------+-------------------------------

[2022-09-10 11:37:44 INFO] Building the fields
[2022-09-10 11:38:04 INFO] CoNLL(
 (labels): ChartField(vocab_size=10)
)
[2022-09-10 11:38:04 INFO] Building the model
[2022-09-10 11:38:13 INFO] BiaffineSemanticDependencyModel(
  (encoder): TransformerEmbedding(SpanBERT/spanbert-base-cased, n_layers=4, n_out=768, stride=256, pooling=mean, pad_index=0, finetune=True)
  (encoder_dropout): Dropout(p=0.33, inplace=False)
  (edge_mlp_d): MLP(n_in=768, n_out=600, dropout=0.25)
  (edge_mlp_h): MLP(n_in=768, n_out=600, dropout=0.25)
  (label_mlp_d): MLP(n_in=768, n_out=600, dropout=0.33)
  (label_mlp_h): MLP(n_in=768, n_out=600, dropout=0.33)
  (edge_attn): Biaffine(n_in=600, n_out=2, bias_x=True, bias_y=True)
  (label_attn): Biaffine(n_in=600, n_out=10, bias_x=True, bias_y=True)
  (criterion): CrossEntropyLoss()
)

[2022-09-10 11:38:20 INFO] Loading the data
[2022-09-10 11:38:29 INFO] train: Dataset(n_sentences=35598, n_words=((words): SubwordField(vocab_size=28996, pad=[PAD], unk=[UNK], bos=[CLS]), None, None, None), n_batches=8237, n_buckets=32)
[2022-09-10 11:38:29 INFO] dev:   Dataset(n_sentences=1813, n_words=((words): SubwordField(vocab_size=28996, pad=[PAD], unk=[UNK], bos=[CLS]), None, None, None), n_batches=441, n_buckets=32)
[2022-09-10 11:38:29 INFO] test:  Dataset(n_sentences=1482, n_words=((words): SubwordField(vocab_size=28996, pad=[PAD], unk=[UNK], bos=[CLS]), None, None, None), n_batches=338, n_buckets=32)

[2022-09-10 11:38:29 INFO] Epoch 1 / 20:
[2022-09-10 11:53:25 INFO] lr: 4.7500e-05 - loss: 0.0581 - UP: 81.32% UR: 63.19% UF: 71.12% P: 78.87% R: 61.29% F: 68.98%
[2022-09-10 11:53:48 INFO] dev:  loss: 0.0242 - UP: 86.39% UR: 90.50% UF: 88.40% P: 85.20% R: 89.26% F: 87.18%
[2022-09-10 11:54:05 INFO] test: loss: 0.0258 - UP: 86.51% UR: 90.05% UF: 88.24% P: 85.34% R: 88.83% F: 87.05%
[2022-09-10 11:54:08 INFO] 0:15:35.605956s elapsed (saved)

[2022-09-10 11:54:08 INFO] Epoch 2 / 20:
[2022-09-10 12:09:07 INFO] lr: 4.5000e-05 - loss: 0.0244 - UP: 90.28% UR: 84.17% UF: 87.12% P: 89.05% R: 83.02% F: 85.93%
[2022-09-10 12:09:29 INFO] dev:  loss: 0.0150 - UP: 95.29% UR: 91.02% UF: 93.11% P: 94.51% R: 90.28% F: 92.34%
[2022-09-10 12:09:46 INFO] test: loss: 0.0166 - UP: 94.90% UR: 90.61% UF: 92.70% P: 94.07% R: 89.81% F: 91.89%
[2022-09-10 12:09:50 INFO] 0:15:38.407044s elapsed (saved)

[2022-09-10 12:09:50 INFO] Epoch 3 / 20:
[2022-09-10 12:24:46 INFO] lr: 4.2500e-05 - loss: 0.0167 - UP: 92.91% UR: 89.11% UF: 90.97% P: 92.05% R: 88.28% F: 90.13%
[2022-09-10 12:25:08 INFO] dev:  loss: 0.0131 - UP: 94.16% UR: 94.63% UF: 94.39% P: 93.40% R: 93.87% F: 93.63%
[2022-09-10 12:25:25 INFO] test: loss: 0.0140 - UP: 94.00% UR: 94.13% UF: 94.06% P: 93.29% R: 93.42% F: 93.35%
[2022-09-10 12:25:29 INFO] 0:15:35.302207s elapsed (saved)

[2022-09-10 12:25:29 INFO] Epoch 4 / 20:
[2022-09-10 12:40:48 INFO] lr: 4.0000e-05 - loss: 0.0126 - UP: 94.34% UR: 91.64% UF: 92.97% P: 93.71% R: 91.04% F: 92.36%
[2022-09-10 12:41:12 INFO] dev:  loss: 0.0114 - UP: 95.37% UR: 95.27% UF: 95.32% P: 94.69% R: 94.59% F: 94.64%
[2022-09-10 12:41:29 INFO] test: loss: 0.0125 - UP: 95.09% UR: 95.13% UF: 95.11% P: 94.51% R: 94.55% F: 94.53%
[2022-09-10 12:41:34 INFO] 0:15:59.903297s elapsed (saved)

[2022-09-10 12:41:34 INFO] Epoch 5 / 20:
[2022-09-10 12:56:54 INFO] lr: 3.7500e-05 - loss: 0.0100 - UP: 95.28% UR: 93.25% UF: 94.25% P: 94.81% R: 92.79% F: 93.79%
[2022-09-10 12:57:17 INFO] dev:  loss: 0.0120 - UP: 95.31% UR: 96.13% UF: 95.72% P: 94.74% R: 95.56% F: 95.15%
[2022-09-10 12:57:34 INFO] test: loss: 0.0131 - UP: 94.98% UR: 95.82% UF: 95.40% P: 94.37% R: 95.20% F: 94.78%
[2022-09-10 12:57:37 INFO] 0:15:59.877193s elapsed (saved)

[2022-09-10 12:57:37 INFO] Epoch 6 / 20:
[2022-09-10 13:12:50 INFO] lr: 3.5000e-05 - loss: 0.0081 - UP: 95.98% UR: 94.42% UF: 95.20% P: 95.62% R: 94.06% F: 94.84%
[2022-09-10 13:13:13 INFO] dev:  loss: 0.0107 - UP: 96.27% UR: 96.02% UF: 96.14% P: 95.76% R: 95.52% F: 95.64%
[2022-09-10 13:13:30 INFO] test: loss: 0.0116 - UP: 95.89% UR: 95.74% UF: 95.82% P: 95.31% R: 95.17% F: 95.24%
[2022-09-10 13:13:34 INFO] 0:15:52.489038s elapsed (saved)

[2022-09-10 13:13:34 INFO] Epoch 7 / 20:
[2022-09-10 13:28:45 INFO] lr: 3.2500e-05 - loss: 0.0068 - UP: 96.55% UR: 95.33% UF: 95.94% P: 96.26% R: 95.04% F: 95.64%
[2022-09-10 13:29:08 INFO] dev:  loss: 0.0106 - UP: 97.07% UR: 95.90% UF: 96.48% P: 96.60% R: 95.44% F: 96.02%
[2022-09-10 13:29:25 INFO] test: loss: 0.0116 - UP: 96.78% UR: 95.62% UF: 96.20% P: 96.23% R: 95.08% F: 95.65%
[2022-09-10 13:29:29 INFO] 0:15:51.463862s elapsed (saved)

[2022-09-10 13:29:29 INFO] Epoch 8 / 20:
[2022-09-10 13:44:41 INFO] lr: 3.0000e-05 - loss: 0.0058 - UP: 97.00% UR: 96.00% UF: 96.50% P: 96.74% R: 95.75% F: 96.24%
[2022-09-10 13:45:04 INFO] dev:  loss: 0.0116 - UP: 96.48% UR: 96.33% UF: 96.40% P: 95.96% R: 95.81% F: 95.88%
[2022-09-10 13:45:21 INFO] test: loss: 0.0116 - UP: 96.37% UR: 96.34% UF: 96.35% P: 95.82% R: 95.79% F: 95.80%
[2022-09-10 13:45:21 INFO] 0:15:51.904400s elapsed

[2022-09-10 13:45:21 INFO] Epoch 9 / 20:
[2022-09-10 14:00:34 INFO] lr: 2.7500e-05 - loss: 0.0049 - UP: 97.39% UR: 96.58% UF: 96.98% P: 97.17% R: 96.37% F: 96.77%
[2022-09-10 14:00:56 INFO] dev:  loss: 0.0112 - UP: 96.90% UR: 96.49% UF: 96.70% P: 96.43% R: 96.02% F: 96.23%
[2022-09-10 14:01:13 INFO] test: loss: 0.0117 - UP: 96.75% UR: 96.48% UF: 96.62% P: 96.28% R: 96.01% F: 96.14%
[2022-09-10 14:01:17 INFO] 0:15:52.424788s elapsed (saved)

[2022-09-10 14:01:17 INFO] Epoch 10 / 20:
[2022-09-10 14:17:05 INFO] lr: 2.5000e-05 - loss: 0.0041 - UP: 97.73% UR: 97.10% UF: 97.42% P: 97.56% R: 96.93% F: 97.25%
[2022-09-10 14:17:34 INFO] dev:  loss: 0.0118 - UP: 97.29% UR: 96.48% UF: 96.88% P: 96.86% R: 96.06% F: 96.46%
[2022-09-10 14:17:56 INFO] test: loss: 0.0118 - UP: 96.94% UR: 96.27% UF: 96.60% P: 96.48% R: 95.81% F: 96.14%
[2022-09-10 14:18:00 INFO] 0:16:38.818122s elapsed (saved)

[2022-09-10 14:18:00 INFO] Epoch 11 / 20:
[2022-09-10 14:34:01 INFO] lr: 2.2500e-05 - loss: 0.0035 - UP: 98.02% UR: 97.51% UF: 97.77% P: 97.87% R: 97.37% F: 97.62%
[2022-09-10 14:34:24 INFO] dev:  loss: 0.0120 - UP: 96.83% UR: 96.92% UF: 96.87% P: 96.38% R: 96.47% F: 96.43%
[2022-09-10 14:34:41 INFO] test: loss: 0.0119 - UP: 96.64% UR: 96.82% UF: 96.73% P: 96.12% R: 96.31% F: 96.21%
[2022-09-10 14:34:41 INFO] 0:16:40.805802s elapsed

[2022-09-10 14:34:41 INFO] Epoch 12 / 20:
[2022-09-10 14:52:01 INFO] lr: 2.0000e-05 - loss: 0.0030 - UP: 98.27% UR: 97.85% UF: 98.06% P: 98.16% R: 97.73% F: 97.94%
[2022-09-10 14:52:24 INFO] dev:  loss: 0.0121 - UP: 96.95% UR: 96.90% UF: 96.93% P: 96.51% R: 96.46% F: 96.48%
[2022-09-10 14:52:41 INFO] test: loss: 0.0123 - UP: 96.73% UR: 96.81% UF: 96.77% P: 96.26% R: 96.34% F: 96.30%
[2022-09-10 14:52:44 INFO] 0:17:59.985802s elapsed (saved)

[2022-09-10 14:52:44 INFO] Epoch 13 / 20:
[2022-09-10 15:07:58 INFO] lr: 1.7500e-05 - loss: 0.0026 - UP: 98.50% UR: 98.17% UF: 98.34% P: 98.41% R: 98.08% F: 98.24%
[2022-09-10 15:08:20 INFO] dev:  loss: 0.0122 - UP: 96.97% UR: 97.18% UF: 97.07% P: 96.55% R: 96.77% F: 96.66%
[2022-09-10 15:08:37 INFO] test: loss: 0.0124 - UP: 96.80% UR: 97.13% UF: 96.96% P: 96.34% R: 96.67% F: 96.51%
[2022-09-10 15:08:41 INFO] 0:15:53.105718s elapsed (saved)

[2022-09-10 15:08:41 INFO] Epoch 14 / 20:
[2022-09-10 15:24:00 INFO] lr: 1.5000e-05 - loss: 0.0021 - UP: 98.73% UR: 98.46% UF: 98.59% P: 98.65% R: 98.38% F: 98.51%
[2022-09-10 15:24:23 INFO] dev:  loss: 0.0127 - UP: 97.18% UR: 97.10% UF: 97.14% P: 96.76% R: 96.68% F: 96.72%
[2022-09-10 15:24:40 INFO] test: loss: 0.0134 - UP: 96.82% UR: 97.03% UF: 96.93% P: 96.36% R: 96.57% F: 96.46%
[2022-09-10 15:24:44 INFO] 0:15:59.376336s elapsed (saved)

[2022-09-10 15:24:44 INFO] Epoch 15 / 20:
[2022-09-10 15:40:03 INFO] lr: 1.2500e-05 - loss: 0.0018 - UP: 98.90% UR: 98.69% UF: 98.80% P: 98.84% R: 98.63% F: 98.73%
[2022-09-10 15:40:26 INFO] dev:  loss: 0.0130 - UP: 97.36% UR: 97.14% UF: 97.25% P: 96.96% R: 96.74% F: 96.85%
[2022-09-10 15:40:43 INFO] test: loss: 0.0129 - UP: 97.11% UR: 97.10% UF: 97.10% P: 96.69% R: 96.67% F: 96.68%
[2022-09-10 15:40:47 INFO] 0:15:59.117568s elapsed (saved)

[2022-09-10 15:40:47 INFO] Epoch 16 / 20:
[2022-09-10 15:56:05 INFO] lr: 1.0000e-05 - loss: 0.0015 - UP: 99.06% UR: 98.90% UF: 98.98% P: 99.01% R: 98.85% F: 98.93%
[2022-09-10 15:56:28 INFO] dev:  loss: 0.0132 - UP: 97.22% UR: 97.31% UF: 97.27% P: 96.79% R: 96.89% F: 96.84%
[2022-09-10 15:56:45 INFO] test: loss: 0.0133 - UP: 97.07% UR: 97.27% UF: 97.17% P: 96.58% R: 96.79% F: 96.68%
[2022-09-10 15:56:45 INFO] 0:15:58.478080s elapsed

[2022-09-10 15:56:45 INFO] Epoch 17 / 20:
[2022-09-10 16:12:00 INFO] lr: 7.5000e-06 - loss: 0.0012 - UP: 99.21% UR: 99.07% UF: 99.14% P: 99.17% R: 99.03% F: 99.10%
[2022-09-10 16:12:23 INFO] dev:  loss: 0.0136 - UP: 97.41% UR: 97.25% UF: 97.33% P: 97.02% R: 96.85% F: 96.93%
[2022-09-10 16:12:40 INFO] test: loss: 0.0139 - UP: 97.28% UR: 97.18% UF: 97.23% P: 96.87% R: 96.78% F: 96.82%
[2022-09-10 16:12:44 INFO] 0:15:54.958899s elapsed (saved)

[2022-09-10 16:12:44 INFO] Epoch 18 / 20:
[2022-09-10 16:27:59 INFO] lr: 5.0000e-06 - loss: 0.0010 - UP: 99.33% UR: 99.22% UF: 99.28% P: 99.30% R: 99.19% F: 99.25%
[2022-09-10 16:28:22 INFO] dev:  loss: 0.0139 - UP: 97.44% UR: 97.27% UF: 97.36% P: 97.05% R: 96.88% F: 96.97%
[2022-09-10 16:28:39 INFO] test: loss: 0.0140 - UP: 97.29% UR: 97.32% UF: 97.30% P: 96.87% R: 96.91% F: 96.89%
[2022-09-10 16:28:42 INFO] 0:15:54.638539s elapsed (saved)

[2022-09-10 16:28:42 INFO] Epoch 19 / 20:
[2022-09-10 16:43:37 INFO] lr: 2.5000e-06 - loss: 0.0009 - UP: 99.43% UR: 99.33% UF: 99.38% P: 99.41% R: 99.31% F: 99.36%
[2022-09-10 16:44:00 INFO] dev:  loss: 0.0144 - UP: 97.60% UR: 97.24% UF: 97.42% P: 97.22% R: 96.86% F: 97.04%
[2022-09-10 16:44:17 INFO] test: loss: 0.0143 - UP: 97.47% UR: 97.27% UF: 97.37% P: 97.08% R: 96.88% F: 96.98%
[2022-09-10 16:44:22 INFO] 0:15:34.413987s elapsed (saved)

[2022-09-10 16:44:22 INFO] Epoch 20 / 20:
[2022-09-10 16:59:27 INFO] lr: 0.0000e+00 - loss: 0.0007 - UP: 99.50% UR: 99.43% UF: 99.47% P: 99.49% R: 99.42% F: 99.45%
[2022-09-10 16:59:50 INFO] dev:  loss: 0.0146 - UP: 97.59% UR: 97.33% UF: 97.46% P: 97.21% R: 96.96% F: 97.08%
[2022-09-10 17:00:07 INFO] test: loss: 0.0146 - UP: 97.46% UR: 97.32% UF: 97.39% P: 97.07% R: 96.93% F: 97.00%
[2022-09-10 17:00:11 INFO] 0:15:45.099577s elapsed (saved)

[2022-09-10 17:00:20 INFO] Epoch 20 saved
[2022-09-10 17:00:20 INFO] dev:  loss: 0.0146 - UP: 97.59% UR: 97.33% UF: 97.46% P: 97.21% R: 96.96% F: 97.08%
[2022-09-10 17:00:37 INFO] test: loss: 0.0146 - UP: 97.46% UR: 97.32% UF: 97.39% P: 97.07% R: 96.93% F: 97.00%
[2022-09-10 17:00:37 INFO] 5:20:36.176215s elapsed, 0:16:01.808811s/epoch
